2025-06-21 14:41:28,209 - Logging initialized at e:\Praktikum sem 6\COMPUTER_REASONING_CBR\CBR\logs\cleaning.log
2025-06-21 14:41:28,337 - Starting case representation with max_files=50
2025-06-21 14:41:28,339 - Found 50 PDF files to process
2025-06-21 14:41:28,340 - Processing PDF: putusan_1750490497_2025-06-21.pdf
2025-06-21 14:41:29,703 - Extracted text from putusan_1750490497_2025-06-21.pdf
2025-06-21 14:41:29,708 - Processed case 1/50: CASE_20250621_144129_1
2025-06-21 14:41:29,709 - Processing PDF: putusan_1750490510_2025-06-21.pdf
2025-06-21 14:41:30,887 - Extracted text from putusan_1750490510_2025-06-21.pdf
2025-06-21 14:41:30,890 - Processed case 2/50: CASE_20250621_144130_2
2025-06-21 14:41:30,892 - Processing PDF: putusan_1750490524_2025-06-21.pdf
2025-06-21 14:41:32,007 - Extracted text from putusan_1750490524_2025-06-21.pdf
2025-06-21 14:41:32,010 - Processed case 3/50: CASE_20250621_144132_3
2025-06-21 14:41:32,011 - Processing PDF: putusan_1750490537_2025-06-21.pdf
2025-06-21 14:41:34,813 - Extracted text from putusan_1750490537_2025-06-21.pdf
2025-06-21 14:41:34,818 - Processed case 4/50: CASE_20250621_144134_4
2025-06-21 14:41:34,820 - Processing PDF: putusan_1750490544_2025-06-21.pdf
2025-06-21 14:41:35,925 - Extracted text from putusan_1750490544_2025-06-21.pdf
2025-06-21 14:41:35,928 - Processed case 5/50: CASE_20250621_144135_5
2025-06-21 14:41:35,929 - Processing PDF: putusan_1750490557_2025-06-21.pdf
2025-06-21 14:41:37,643 - Extracted text from putusan_1750490557_2025-06-21.pdf
2025-06-21 14:41:37,646 - Processed case 6/50: CASE_20250621_144137_6
2025-06-21 14:41:37,648 - Processing PDF: putusan_1750490569_2025-06-21.pdf
2025-06-21 14:41:38,938 - Extracted text from putusan_1750490569_2025-06-21.pdf
2025-06-21 14:41:38,941 - Processed case 7/50: CASE_20250621_144138_7
2025-06-21 14:41:38,942 - Processing PDF: putusan_1750490583_2025-06-21.pdf
2025-06-21 14:41:40,575 - Extracted text from putusan_1750490583_2025-06-21.pdf
2025-06-21 14:41:40,580 - Processed case 8/50: CASE_20250621_144140_8
2025-06-21 14:41:40,581 - Processing PDF: putusan_1750490593_2025-06-21.pdf
2025-06-21 14:41:41,782 - Extracted text from putusan_1750490593_2025-06-21.pdf
2025-06-21 14:41:41,785 - Processed case 9/50: CASE_20250621_144141_9
2025-06-21 14:41:41,787 - Processing PDF: putusan_1750490606_2025-06-21.pdf
2025-06-21 14:41:42,930 - Extracted text from putusan_1750490606_2025-06-21.pdf
2025-06-21 14:41:42,933 - Processed case 10/50: CASE_20250621_144142_10
2025-06-21 14:41:42,934 - Processing PDF: putusan_1750490625_2025-06-21.pdf
2025-06-21 14:41:44,134 - Extracted text from putusan_1750490625_2025-06-21.pdf
2025-06-21 14:41:44,138 - Processed case 11/50: CASE_20250621_144144_11
2025-06-21 14:41:44,138 - Processing PDF: putusan_1750490638_2025-06-21.pdf
2025-06-21 14:41:48,276 - Extracted text from putusan_1750490638_2025-06-21.pdf
2025-06-21 14:41:48,282 - Processed case 12/50: CASE_20250621_144148_12
2025-06-21 14:41:48,282 - Processing PDF: putusan_1750490650_2025-06-21.pdf
2025-06-21 14:41:49,283 - Extracted text from putusan_1750490650_2025-06-21.pdf
2025-06-21 14:41:49,286 - Processed case 13/50: CASE_20250621_144149_13
2025-06-21 14:41:49,287 - Processing PDF: putusan_1750490662_2025-06-21.pdf
2025-06-21 14:41:50,757 - Extracted text from putusan_1750490662_2025-06-21.pdf
2025-06-21 14:41:50,761 - Processed case 14/50: CASE_20250621_144150_14
2025-06-21 14:41:50,762 - Processing PDF: putusan_1750490673_2025-06-21.pdf
2025-06-21 14:41:52,516 - Extracted text from putusan_1750490673_2025-06-21.pdf
2025-06-21 14:41:52,519 - Processed case 15/50: CASE_20250621_144152_15
2025-06-21 14:41:52,520 - Processing PDF: putusan_1750490685_2025-06-21.pdf
2025-06-21 14:41:53,794 - Extracted text from putusan_1750490685_2025-06-21.pdf
2025-06-21 14:41:53,797 - Processed case 16/50: CASE_20250621_144153_16
2025-06-21 14:41:53,799 - Processing PDF: putusan_1750490697_2025-06-21.pdf
2025-06-21 14:41:54,667 - Extracted text from putusan_1750490697_2025-06-21.pdf
2025-06-21 14:41:54,669 - Processed case 17/50: CASE_20250621_144154_17
2025-06-21 14:41:54,671 - Processing PDF: putusan_1750490711_2025-06-21.pdf
2025-06-21 14:41:56,349 - Extracted text from putusan_1750490711_2025-06-21.pdf
2025-06-21 14:41:56,353 - Processed case 18/50: CASE_20250621_144156_18
2025-06-21 14:41:56,354 - Processing PDF: putusan_1750490722_2025-06-21.pdf
2025-06-21 14:41:57,635 - Extracted text from putusan_1750490722_2025-06-21.pdf
2025-06-21 14:41:57,638 - Processed case 19/50: CASE_20250621_144157_19
2025-06-21 14:41:57,639 - Processing PDF: putusan_1750490732_2025-06-21.pdf
2025-06-21 14:41:58,555 - Extracted text from putusan_1750490732_2025-06-21.pdf
2025-06-21 14:41:58,558 - Processed case 20/50: CASE_20250621_144158_20
2025-06-21 14:41:58,559 - Processing PDF: putusan_1750490777_2025-06-21.pdf
2025-06-21 14:42:00,136 - Extracted text from putusan_1750490777_2025-06-21.pdf
2025-06-21 14:42:00,139 - Processed case 21/50: CASE_20250621_144200_21
2025-06-21 14:42:00,140 - Processing PDF: putusan_1750490797_2025-06-21.pdf
2025-06-21 14:42:02,800 - Extracted text from putusan_1750490797_2025-06-21.pdf
2025-06-21 14:42:02,804 - Processed case 22/50: CASE_20250621_144202_22
2025-06-21 14:42:02,805 - Processing PDF: putusan_1750490804_2025-06-21.pdf
2025-06-21 14:42:03,824 - Extracted text from putusan_1750490804_2025-06-21.pdf
2025-06-21 14:42:03,828 - Processed case 23/50: CASE_20250621_144203_23
2025-06-21 14:42:03,830 - Processing PDF: putusan_1750490816_2025-06-21.pdf
2025-06-21 14:42:05,315 - Extracted text from putusan_1750490816_2025-06-21.pdf
2025-06-21 14:42:05,319 - Processed case 24/50: CASE_20250621_144205_24
2025-06-21 14:42:05,320 - Processing PDF: putusan_1750490828_2025-06-21.pdf
2025-06-21 14:42:08,993 - Extracted text from putusan_1750490828_2025-06-21.pdf
2025-06-21 14:42:08,999 - Processed case 25/50: CASE_20250621_144208_25
2025-06-21 14:42:09,000 - Processing PDF: putusan_1750490842_2025-06-21.pdf
2025-06-21 14:42:10,132 - Extracted text from putusan_1750490842_2025-06-21.pdf
2025-06-21 14:42:10,136 - Processed case 26/50: CASE_20250621_144210_26
2025-06-21 14:42:10,137 - Processing PDF: putusan_1750490862_2025-06-21.pdf
2025-06-21 14:42:11,787 - Extracted text from putusan_1750490862_2025-06-21.pdf
2025-06-21 14:42:11,791 - Processed case 27/50: CASE_20250621_144211_27
2025-06-21 14:42:11,793 - Processing PDF: putusan_1750490872_2025-06-21.pdf
2025-06-21 14:42:13,595 - Extracted text from putusan_1750490872_2025-06-21.pdf
2025-06-21 14:42:13,599 - Processed case 28/50: CASE_20250621_144213_28
2025-06-21 14:42:13,601 - Processing PDF: putusan_1750490892_2025-06-21.pdf
2025-06-21 14:42:15,056 - Extracted text from putusan_1750490892_2025-06-21.pdf
2025-06-21 14:42:15,059 - Processed case 29/50: CASE_20250621_144215_29
2025-06-21 14:42:15,060 - Processing PDF: putusan_1750490908_2025-06-21.pdf
2025-06-21 14:42:16,088 - Extracted text from putusan_1750490908_2025-06-21.pdf
2025-06-21 14:42:16,093 - Processed case 30/50: CASE_20250621_144216_30
2025-06-21 14:42:16,094 - Processing PDF: putusan_1750490915_2025-06-21.pdf
2025-06-21 14:42:17,142 - Extracted text from putusan_1750490915_2025-06-21.pdf
2025-06-21 14:42:17,145 - Processed case 31/50: CASE_20250621_144217_31
2025-06-21 14:42:17,146 - Processing PDF: putusan_1750490939_2025-06-21.pdf
2025-06-21 14:42:18,298 - Extracted text from putusan_1750490939_2025-06-21.pdf
2025-06-21 14:42:18,302 - Processed case 32/50: CASE_20250621_144218_32
2025-06-21 14:42:18,304 - Processing PDF: putusan_1750490953_2025-06-21.pdf
2025-06-21 14:42:21,129 - Extracted text from putusan_1750490953_2025-06-21.pdf
2025-06-21 14:42:21,135 - Processed case 33/50: CASE_20250621_144221_33
2025-06-21 14:42:21,137 - Processing PDF: putusan_1750490964_2025-06-21.pdf
2025-06-21 14:42:22,486 - Extracted text from putusan_1750490964_2025-06-21.pdf
2025-06-21 14:42:22,489 - Processed case 34/50: CASE_20250621_144222_34
2025-06-21 14:42:22,490 - Processing PDF: putusan_1750490976_2025-06-21.pdf
2025-06-21 14:42:26,113 - Extracted text from putusan_1750490976_2025-06-21.pdf
2025-06-21 14:42:26,121 - Processed case 35/50: CASE_20250621_144226_35
2025-06-21 14:42:26,123 - Processing PDF: putusan_1750490991_2025-06-21.pdf
2025-06-21 14:42:27,901 - Extracted text from putusan_1750490991_2025-06-21.pdf
2025-06-21 14:42:27,905 - Processed case 36/50: CASE_20250621_144227_36
2025-06-21 14:42:27,906 - Processing PDF: putusan_1750491003_2025-06-21.pdf
2025-06-21 14:42:29,492 - Extracted text from putusan_1750491003_2025-06-21.pdf
2025-06-21 14:42:29,497 - Processed case 37/50: CASE_20250621_144229_37
2025-06-21 14:42:29,498 - Processing PDF: putusan_1750491015_2025-06-21.pdf
2025-06-21 14:42:30,749 - Extracted text from putusan_1750491015_2025-06-21.pdf
2025-06-21 14:42:30,752 - Processed case 38/50: CASE_20250621_144230_38
2025-06-21 14:42:30,754 - Processing PDF: putusan_1750491032_2025-06-21.pdf
2025-06-21 14:42:31,782 - Extracted text from putusan_1750491032_2025-06-21.pdf
2025-06-21 14:42:31,785 - Processed case 39/50: CASE_20250621_144231_39
2025-06-21 14:42:31,787 - Processing PDF: putusan_1750491043_2025-06-21.pdf
2025-06-21 14:42:34,197 - Extracted text from putusan_1750491043_2025-06-21.pdf
2025-06-21 14:42:34,201 - Processed case 40/50: CASE_20250621_144234_40
2025-06-21 14:42:34,203 - Processing PDF: putusan_1750491078_2025-06-21.pdf
2025-06-21 14:42:35,129 - Extracted text from putusan_1750491078_2025-06-21.pdf
2025-06-21 14:42:35,132 - Processed case 41/50: CASE_20250621_144235_41
2025-06-21 14:42:35,134 - Processing PDF: putusan_1750491090_2025-06-21.pdf
2025-06-21 14:42:36,780 - Extracted text from putusan_1750491090_2025-06-21.pdf
2025-06-21 14:42:36,783 - Processed case 42/50: CASE_20250621_144236_42
2025-06-21 14:42:36,784 - Processing PDF: putusan_1750491102_2025-06-21.pdf
2025-06-21 14:42:37,888 - Extracted text from putusan_1750491102_2025-06-21.pdf
2025-06-21 14:42:37,891 - Processed case 43/50: CASE_20250621_144237_43
2025-06-21 14:42:37,892 - Processing PDF: putusan_1750491113_2025-06-21.pdf
2025-06-21 14:42:38,871 - Extracted text from putusan_1750491113_2025-06-21.pdf
2025-06-21 14:42:38,874 - Processed case 44/50: CASE_20250621_144238_44
2025-06-21 14:42:38,875 - Processing PDF: putusan_1750491125_2025-06-21.pdf
2025-06-21 14:42:41,244 - Extracted text from putusan_1750491125_2025-06-21.pdf
2025-06-21 14:42:41,248 - Processed case 45/50: CASE_20250621_144241_45
2025-06-21 14:42:41,250 - Processing PDF: putusan_1750491141_2025-06-21.pdf
2025-06-21 14:42:42,967 - Extracted text from putusan_1750491141_2025-06-21.pdf
2025-06-21 14:42:42,970 - Processed case 46/50: CASE_20250621_144242_46
2025-06-21 14:42:42,971 - Processing PDF: putusan_1750491153_2025-06-21.pdf
2025-06-21 14:42:44,357 - Extracted text from putusan_1750491153_2025-06-21.pdf
2025-06-21 14:42:44,360 - Processed case 47/50: CASE_20250621_144244_47
2025-06-21 14:42:44,362 - Processing PDF: putusan_1750491166_2025-06-21.pdf
2025-06-21 14:42:46,257 - Extracted text from putusan_1750491166_2025-06-21.pdf
2025-06-21 14:42:46,261 - Processed case 48/50: CASE_20250621_144246_48
2025-06-21 14:42:46,262 - Processing PDF: putusan_1750491180_2025-06-21.pdf
2025-06-21 14:42:47,221 - Extracted text from putusan_1750491180_2025-06-21.pdf
2025-06-21 14:42:47,224 - Processed case 49/50: CASE_20250621_144247_49
2025-06-21 14:42:47,225 - Processing PDF: putusan_1750491191_2025-06-21.pdf
2025-06-21 14:42:48,511 - Extracted text from putusan_1750491191_2025-06-21.pdf
2025-06-21 14:42:48,514 - Processed case 50/50: CASE_20250621_144248_50
2025-06-21 14:42:48,626 - Saved 50 cases to e:\Praktikum sem 6\COMPUTER_REASONING_CBR\CBR\data\processed\cases.csv and e:\Praktikum sem 6\COMPUTER_REASONING_CBR\CBR\data\processed\cases.json
